<?xml version="1.0" encoding="UTF-8" ?>
<testsuite tests="1" failures="0" name="TestRunner" time="8.218" errors="1" skipped="0">
  <properties>
[...]
</properties>
  <testcase classname="Register user" name="verify user registration by filling all the mandatory fields" time="8.218">
    <error message="no such element: Unable to locate element: {&quot;method&quot;:&quot;css selector&quot;,&quot;selector&quot;:&quot;#register\-button&quot;}
  (Session info: chrome=94.0.4606.71)
For documentation on this error, please visit: https://www.seleniumhq.org/exceptions/no_such_element.html
Build info: version: &apos;3.141.59&apos;, revision: &apos;e82be7d358&apos;, time: &apos;2018-11-14T08:17:03&apos;
System info: host: &apos;LPTRRS319&apos;, ip: &apos;192.168.1.78&apos;, os.name: &apos;Windows 10&apos;, os.arch: &apos;amd64&apos;, os.version: &apos;10.0&apos;, java.version: &apos;13.0.2&apos;
Driver info: org.openqa.selenium.chrome.ChromeDriver
Capabilities {acceptInsecureCerts: false, browserName: chrome, browserVersion: 94.0.4606.71, chrome: {chromedriverVersion: 94.0.4606.61 (418b78f5838ed..., userDataDir: C:\Users\KRISHN~1.GAN\AppDa...}, goog:chromeOptions: {debuggerAddress: localhost:1040}, javascriptEnabled: true, networkConnectionEnabled: false, pageLoadStrategy: normal, platform: WINDOWS, platformName: WINDOWS, proxy: Proxy(), setWindowRect: true, strictFileInteractability: false, timeouts: {implicit: 0, pageLoad: 300000, script: 30000}, unhandledPromptBehavior: dismiss and notify, webauthn:extension:credBlob: true, webauthn:extension:largeBlob: true, webauthn:virtualAuthenticators: true}
Session ID: 6294db0cdcc7615efa2edaefce7db549
*** Element info: {Using=id, value=register-button}" type="org.openqa.selenium.NoSuchElementException">org.openqa.selenium.NoSuchElementException: no such element: Unable to locate element: {&quot;method&quot;:&quot;css selector&quot;,&quot;selector&quot;:&quot;#register\-button&quot;}
  (Session info: chrome=94.0.4606.71)
For documentation on this error, please visit: https://www.seleniumhq.org/exceptions/no_such_element.html
Build info: version: &apos;3.141.59&apos;, revision: &apos;e82be7d358&apos;, time: &apos;2018-11-14T08:17:03&apos;
System info: host: &apos;LPTRRS319&apos;, ip: &apos;192.168.1.78&apos;, os.name: &apos;Windows 10&apos;, os.arch: &apos;amd64&apos;, os.version: &apos;10.0&apos;, java.version: &apos;13.0.2&apos;
Driver info: org.openqa.selenium.chrome.ChromeDriver
Capabilities {acceptInsecureCerts: false, browserName: chrome, browserVersion: 94.0.4606.71, chrome: {chromedriverVersion: 94.0.4606.61 (418b78f5838ed..., userDataDir: C:\Users\KRISHN~1.GAN\AppDa...}, goog:chromeOptions: {debuggerAddress: localhost:1040}, javascriptEnabled: true, networkConnectionEnabled: false, pageLoadStrategy: normal, platform: WINDOWS, platformName: WINDOWS, proxy: Proxy(), setWindowRect: true, strictFileInteractability: false, timeouts: {implicit: 0, pageLoad: 300000, script: 30000}, unhandledPromptBehavior: dismiss and notify, webauthn:extension:credBlob: true, webauthn:extension:largeBlob: true, webauthn:virtualAuthenticators: true}
Session ID: 6294db0cdcc7615efa2edaefce7db549
*** Element info: {Using=id, value=register-button}
	at java.base/jdk.internal.reflect.NativeConstructorAccessorImpl.newInstance0(Native Method)
	at java.base/jdk.internal.reflect.NativeConstructorAccessorImpl.newInstance(NativeConstructorAccessorImpl.java:62)
	at java.base/jdk.internal.reflect.DelegatingConstructorAccessorImpl.newInstance(DelegatingConstructorAccessorImpl.java:45)
	at java.base/java.lang.reflect.Constructor.newInstanceWithCaller(Constructor.java:500)
	at java.base/java.lang.reflect.Constructor.newInstance(Constructor.java:481)
	at org.openqa.selenium.remote.http.W3CHttpResponseCodec.createException(W3CHttpResponseCodec.java:187)
	at org.openqa.selenium.remote.http.W3CHttpResponseCodec.decode(W3CHttpResponseCodec.java:122)
	at org.openqa.selenium.remote.http.W3CHttpResponseCodec.decode(W3CHttpResponseCodec.java:49)
	at org.openqa.selenium.remote.HttpCommandExecutor.execute(HttpCommandExecutor.java:158)
	at org.openqa.selenium.remote.service.DriverCommandExecutor.execute(DriverCommandExecutor.java:83)
	at org.openqa.selenium.remote.RemoteWebDriver.execute(RemoteWebDriver.java:552)
	at org.openqa.selenium.remote.RemoteWebDriver.findElement(RemoteWebDriver.java:323)
	at org.openqa.selenium.remote.RemoteWebDriver.findElementById(RemoteWebDriver.java:372)
	at org.openqa.selenium.By$ById.findElement(By.java:188)
	at org.openqa.selenium.remote.RemoteWebDriver.findElement(RemoteWebDriver.java:315)
	at org.openqa.selenium.support.pagefactory.DefaultElementLocator.findElement(DefaultElementLocator.java:69)
	at org.openqa.selenium.support.pagefactory.internal.LocatingElementHandler.invoke(LocatingElementHandler.java:38)
	at com.sun.proxy.$Proxy19.click(Unknown Source)
	at PageObjects.RegisterPage.clickRegister(RegisterPage.java:63)
	at StepDefinition.user_click_on_register_link_from_the_nav_bar(StepDefinition.java:50)
	at ✽.User click on register link from the nav bar(file:///C:/Maven_java/BDDCucumber/src/test/java/features/register.feature:5)
</error>
    <system-out>
Scenario: verify user registration by filling all the mandatory fields                         &amp;#27;[90m# src/test/java/features/register.feature:2&amp;#27;[0m
  &amp;#27;[32mGiven &amp;#27;[0m&amp;#27;[32mUser navigate to url &amp;#27;[0m&amp;#27;[32m&amp;#27;[1m&quot;https://demo.nopcommerce.com/&quot;&amp;#27;[0m                                   &amp;#27;[90m# StepDefinition.user_navigate_to_url(java.lang.String)&amp;#27;[0m
  &amp;#27;[32mThen &amp;#27;[0m&amp;#27;[32mUser should be navigated to home page with title &amp;#27;[0m&amp;#27;[32m&amp;#27;[1m&quot;nopCommerce demo store&quot;&amp;#27;[0m               &amp;#27;[90m# StepDefinition.userShouldBeNavigatedToHomePageWithTitle(java.lang.String)&amp;#27;[0m
  &amp;#27;[31mWhen &amp;#27;[0m&amp;#27;[31mUser click on register link from the nav bar&amp;#27;[0m                                            &amp;#27;[90m# StepDefinition.user_click_on_register_link_from_the_nav_bar()&amp;#27;[0m
      &amp;#27;[31morg.openqa.selenium.NoSuchElementException: no such element: Unable to locate element: {&quot;method&quot;:&quot;css selector&quot;,&quot;selector&quot;:&quot;#register\-button&quot;}
  (Session info: chrome=94.0.4606.71)
For documentation on this error, please visit: https://www.seleniumhq.org/exceptions/no_such_element.html
Build info: version: &apos;3.141.59&apos;, revision: &apos;e82be7d358&apos;, time: &apos;2018-11-14T08:17:03&apos;
System info: host: &apos;LPTRRS319&apos;, ip: &apos;192.168.1.78&apos;, os.name: &apos;Windows 10&apos;, os.arch: &apos;amd64&apos;, os.version: &apos;10.0&apos;, java.version: &apos;13.0.2&apos;
Driver info: org.openqa.selenium.chrome.ChromeDriver
Capabilities {acceptInsecureCerts: false, browserName: chrome, browserVersion: 94.0.4606.71, chrome: {chromedriverVersion: 94.0.4606.61 (418b78f5838ed..., userDataDir: C:\Users\KRISHN~1.GAN\AppDa...}, goog:chromeOptions: {debuggerAddress: localhost:1040}, javascriptEnabled: true, networkConnectionEnabled: false, pageLoadStrategy: normal, platform: WINDOWS, platformName: WINDOWS, proxy: Proxy(), setWindowRect: true, strictFileInteractability: false, timeouts: {implicit: 0, pageLoad: 300000, script: 30000}, unhandledPromptBehavior: dismiss and notify, webauthn:extension:credBlob: true, webauthn:extension:largeBlob: true, webauthn:virtualAuthenticators: true}
Session ID: 6294db0cdcc7615efa2edaefce7db549
*** Element info: {Using=id, value=register-button}
	at java.base/jdk.internal.reflect.NativeConstructorAccessorImpl.newInstance0(Native Method)
	at java.base/jdk.internal.reflect.NativeConstructorAccessorImpl.newInstance(NativeConstructorAccessorImpl.java:62)
	at java.base/jdk.internal.reflect.DelegatingConstructorAccessorImpl.newInstance(DelegatingConstructorAccessorImpl.java:45)
	at java.base/java.lang.reflect.Constructor.newInstanceWithCaller(Constructor.java:500)
	at java.base/java.lang.reflect.Constructor.newInstance(Constructor.java:481)
	at org.openqa.selenium.remote.http.W3CHttpResponseCodec.createException(W3CHttpResponseCodec.java:187)
	at org.openqa.selenium.remote.http.W3CHttpResponseCodec.decode(W3CHttpResponseCodec.java:122)
	at org.openqa.selenium.remote.http.W3CHttpResponseCodec.decode(W3CHttpResponseCodec.java:49)
	at org.openqa.selenium.remote.HttpCommandExecutor.execute(HttpCommandExecutor.java:158)
	at org.openqa.selenium.remote.service.DriverCommandExecutor.execute(DriverCommandExecutor.java:83)
	at org.openqa.selenium.remote.RemoteWebDriver.execute(RemoteWebDriver.java:552)
	at org.openqa.selenium.remote.RemoteWebDriver.findElement(RemoteWebDriver.java:323)
	at org.openqa.selenium.remote.RemoteWebDriver.findElementById(RemoteWebDriver.java:372)
	at org.openqa.selenium.By$ById.findElement(By.java:188)
	at org.openqa.selenium.remote.RemoteWebDriver.findElement(RemoteWebDriver.java:315)
	at org.openqa.selenium.support.pagefactory.DefaultElementLocator.findElement(DefaultElementLocator.java:69)
	at org.openqa.selenium.support.pagefactory.internal.LocatingElementHandler.invoke(LocatingElementHandler.java:38)
	at com.sun.proxy.$Proxy19.click(Unknown Source)
	at PageObjects.RegisterPage.clickRegister(RegisterPage.java:63)
	at StepDefinition.user_click_on_register_link_from_the_nav_bar(StepDefinition.java:50)
	at ✽.User click on register link from the nav bar(file:///C:/Maven_java/BDDCucumber/src/test/java/features/register.feature:5)
&amp;#27;[0m
  &amp;#27;[36mThen &amp;#27;[0m&amp;#27;[36mUser should be navigated to register page with title &amp;#27;[0m&amp;#27;[36m&amp;#27;[1m&quot;nopCommerce demo store. Register&quot;&amp;#27;[0m &amp;#27;[90m# StepDefinition.user_should_be_navigated_to_register_page_with_title(java.lang.String)&amp;#27;[0m
  &amp;#27;[36mWhen &amp;#27;[0m&amp;#27;[36mUser select gender as male&amp;#27;[0m                                                              &amp;#27;[90m# StepDefinition.user_select_gender_as_male()&amp;#27;[0m
  &amp;#27;[36mAnd &amp;#27;[0m&amp;#27;[36mUser enter firstName lastName email password confirmPassword&amp;#27;[0m                             &amp;#27;[90m# StepDefinition.user_enter_first_name_last_name_email_password_confirm_password(io.cucumber.datatable.DataTable)&amp;#27;[0m
  &amp;#27;[36mAnd &amp;#27;[0m&amp;#27;[36mUser click on registerButton&amp;#27;[0m                                                             &amp;#27;[90m# StepDefinition.user_click_on_register_button()&amp;#27;[0m
  &amp;#27;[36mThen &amp;#27;[0m&amp;#27;[36mUser should see the confirmation message &amp;#27;[0m&amp;#27;[36m&amp;#27;[1m&quot;Your registration completed&quot;&amp;#27;[0m                  &amp;#27;[90m# StepDefinition.user_should_see_the_confirmation_message(java.lang.String)&amp;#27;[0m
</system-out>
    <system-err>SLF4J: Failed to load class &quot;org.slf4j.impl.StaticLoggerBinder&quot;.
SLF4J: Defaulting to no-operation (NOP) logger implementation
SLF4J: See http://www.slf4j.org/codes.html#StaticLoggerBinder for further details.
Starting ChromeDriver 94.0.4606.61 (418b78f5838ed0b1c69bb4e51ea0252171854915-refs/branch-heads/4606@{#1204}) on port 14867
Only local connections are allowed.
Please see https://chromedriver.chromium.org/security-considerations for suggestions on keeping ChromeDriver safe.
ChromeDriver was started successfully.
Oct 14, 2021 12:15:45 AM org.openqa.selenium.remote.ProtocolHandshake createSession
INFO: Detected dialect: W3C
</system-err>
  </testcase>
</testsuite>